<?xml version="1.0" encoding="UTF-8"?>
<!-- Generated by org.testng.reporters.JUnitReportReporter -->
<testsuite hostname="Matrix" failures="0" tests="2" name="qaclickacademy.RestAPI" time="0.008" errors="0" timestamp="01 Jul 2019 12:26:19 GMT" skipped="0">
  <testcase classname="qaclickacademy.RestAPI" name="postJira" time="0.000"/>
  <testcase classname="qaclickacademy.RestAPI" name="deleteTwitter" time="0.008"/>
</testsuite> <!-- qaclickacademy.RestAPI -->
