<?xml version="1.0" encoding="UTF-8"?>
<!-- Generated by org.testng.reporters.JUnitReportReporter -->
<testsuite hostname="Matrix" failures="0" tests="1" name="qaclickacademy.SeleniumCode" time="0.012" errors="0" timestamp="01 Jul 2019 12:26:10 GMT" skipped="0">
  <testcase classname="qaclickacademy.SeleniumCode" name="elementUI" time="0.012"/>
</testsuite> <!-- qaclickacademy.SeleniumCode -->
