<?xml version="1.0" encoding="UTF-8"?>
<!-- Generated by org.testng.reporters.JUnitReportReporter -->
<testsuite skipped="0" hostname="Matrix" name="qaclickacademy.AppiumTest" tests="2" failures="0" timestamp="01 Jul 2019 12:59:27 GMT" time="0.000" errors="0">
  <testcase name="NativeApp" time="0.000" classname="qaclickacademy.AppiumTest"/>
  <testcase name="AndroidApp" time="0.000" classname="qaclickacademy.AppiumTest"/>
</testsuite> <!-- qaclickacademy.AppiumTest -->
