<?xml version="1.0" encoding="UTF-8"?>
<!-- Generated by org.testng.reporters.JUnitReportReporter -->
<testsuite skipped="0" hostname="Matrix" name="qaclickacademy.RestAPITest" tests="2" failures="0" timestamp="01 Jul 2019 12:59:27 GMT" time="0.009" errors="0">
  <testcase name="postJira" time="0.000" classname="qaclickacademy.RestAPITest"/>
  <testcase name="deleteTwitter" time="0.009" classname="qaclickacademy.RestAPITest"/>
</testsuite> <!-- qaclickacademy.RestAPITest -->
