<?xml version="1.0" encoding="UTF-8"?>
<!-- Generated by org.testng.reporters.JUnitReportReporter -->
<testsuite skipped="0" hostname="Matrix" name="qaclickacademy.SeleniumCodeTest" tests="2" failures="0" timestamp="01 Jul 2019 12:59:27 GMT" time="0.000" errors="0">
  <testcase name="elementUI" time="0.000" classname="qaclickacademy.SeleniumCodeTest"/>
  <testcase name="Browser" time="0.000" classname="qaclickacademy.SeleniumCodeTest"/>
</testsuite> <!-- qaclickacademy.SeleniumCodeTest -->
